<?xml version="1.0" encoding="UTF-8"?>
<!-- Generated by org.testng.reporters.JUnitReportReporter -->
<testsuite hostname="ADITYAM" failures="0" tests="1" name="Test.GoogleTest" time="5.921" errors="0" timestamp="2024-02-20T02:29:58 IST" skipped="0">
  <testcase classname="Test.GoogleTest" name="googletest" time="5.921"/>
  <system-out/>
</testsuite> <!-- Test.GoogleTest -->
