<?xml version="1.0" encoding="UTF-8"?>
<!-- Generated by org.testng.reporters.JUnitReportReporter -->
<testsuite hostname="ADITYAM" failures="0" tests="1" name="Test.PageLocator" time="6.168" errors="0" timestamp="2024-02-20T02:29:58 IST" skipped="0">
  <testcase classname="Test.PageLocator" name="pagelocator" time="6.168"/>
  <system-out/>
</testsuite> <!-- Test.PageLocator -->
