<?xml version="1.0" encoding="UTF-8"?>
<!-- Generated by org.testng.reporters.JUnitReportReporter -->
<testsuite hostname="ADITYAM" failures="0" tests="2" name="Test.GoogleSearchTest" time="19.535" errors="0" timestamp="2024-02-20T02:29:58 IST" skipped="0">
  <testcase classname="Test.GoogleSearchTest" name="testgoogle" time="8.645"/>
  <system-out/>
  <testcase classname="Test.GoogleSearchTest" name="EbayTest" time="10.890"/>
  <system-out/>
</testsuite> <!-- Test.GoogleSearchTest -->
