<?xml version="1.0" encoding="UTF-8"?>
<!-- Generated by org.testng.reporters.JUnitReportReporter -->
<testsuite hostname="ADITYAM" failures="0" tests="6" name="Test.FlightBookingTest" time="0.004" errors="0" timestamp="2024-02-20T02:29:58 IST" skipped="0">
  <testcase classname="Test.FlightBookingTest" name="Login" time="0.001"/>
  <system-out/>
  <testcase classname="Test.FlightBookingTest" name="Signup" time="0.001"/>
  <system-out/>
  <testcase classname="Test.FlightBookingTest" name="SearchForFlight" time="0.001"/>
  <system-out/>
  <testcase classname="Test.FlightBookingTest" name="BookTheFlight" time="0.001"/>
  <system-out/>
  <testcase classname="Test.FlightBookingTest" name="SaveTheTicket" time="0.000"/>
  <system-out/>
  <testcase classname="Test.FlightBookingTest" name="LogOut" time="0.000"/>
  <system-out/>
</testsuite> <!-- Test.FlightBookingTest -->
